<?xml version="1.0" encoding="UTF-8"?>
<!-- Generated by org.testng.reporters.JUnitReportReporter -->
<testsuite hostname="DESKTOP-T6DRP6P" failures="0" tests="3" name="testng.DP" time="0.022" errors="0" timestamp="2025-03-04T14:34:47 IST" skipped="0">
  <testcase classname="testng.DP" name="myTest" time="0.003"/>
  <testcase classname="testng.DP" name="myTest" time="0.016"/>
  <testcase classname="testng.DP" name="myTest" time="0.003"/>
</testsuite> <!-- testng.DP -->
