<?xml version="1.0" encoding="UTF-8"?>
<!-- Generated by org.testng.reporters.JUnitReportReporter -->
<testsuite hostname="DESKTOP-T6DRP6P" failures="0" tests="2" name="testng.GoogeTest" time="22.188" errors="0" timestamp="2025-03-03T17:28:05 IST" skipped="0">
  <testcase classname="testng.GoogeTest" name="googleDemo" time="13.885"/>
  <testcase classname="testng.GoogeTest" name="orangeDemo" time="8.303"/>
</testsuite> <!-- testng.GoogeTest -->
