<?xml version="1.0" encoding="UTF-8"?>
<!-- Generated by org.testng.reporters.JUnitReportReporter -->
<testsuite hostname="DESKTOP-T6DRP6P" failures="0" tests="2" name="testng.GoogleTest" time="19.869" errors="0" timestamp="2025-03-14T17:46:31 IST" skipped="1">
  <testcase classname="testng.GoogleTest" name="googleDemo" time="19.869"/>
  <testcase classname="testng.GoogleTest" name="orangeDemo">
    <skipped/>
  </testcase> <!-- orangeDemo -->
</testsuite> <!-- testng.GoogleTest -->
