<?xml version="1.0" encoding="UTF-8"?>
<!-- Generated by org.testng.reporters.JUnitReportReporter -->
<testsuite hostname="DESKTOP-T6DRP6P" failures="0" tests="3" name="testng.DependsTest" time="12.658" errors="0" timestamp="2025-03-05T09:43:55 IST" skipped="0">
  <testcase classname="testng.DependsTest" name="openBrowser" time="7.531"/>
  <testcase classname="testng.DependsTest" name="viewDashBoard" time="1.480"/>
  <testcase classname="testng.DependsTest" name="AsignIn" time="3.647"/>
</testsuite> <!-- testng.DependsTest -->
