<?xml version="1.0" encoding="UTF-8"?>
<!-- Generated by org.testng.reporters.JUnitReportReporter -->
<testsuite hostname="DESKTOP-T6DRP6P" failures="0" tests="2" name="testng.ExtentReportHRMSDemo" time="18.266" errors="0" timestamp="2025-03-19T09:29:43 IST" skipped="0">
  <testcase classname="testng.ExtentReportHRMSDemo" name="login" time="18.261"/>
  <testcase classname="testng.ExtentReportHRMSDemo" name="data" time="0.005"/>
</testsuite> <!-- testng.ExtentReportHRMSDemo -->
