<?xml version="1.0" encoding="UTF-8"?>
<!-- Generated by org.testng.reporters.JUnitReportReporter -->
<testsuite hostname="DESKTOP-T6DRP6P" failures="0" tests="2" name="testng.ExtentReportHRMSDemo" time="22.293" errors="0" timestamp="2025-03-14T16:05:49 IST" skipped="0">
  <testcase classname="testng.ExtentReportHRMSDemo" name="login" time="22.279"/>
  <testcase classname="testng.ExtentReportHRMSDemo" name="data" time="0.014"/>
</testsuite> <!-- testng.ExtentReportHRMSDemo -->
