<?xml version="1.0" encoding="UTF-8"?>
<!-- Generated by org.testng.reporters.JUnitReportReporter -->
<testsuite hostname="DESKTOP-T6DRP6P" failures="0" tests="1" name="testng.TestNGSkip" time="0.022" errors="0" timestamp="2025-03-04T17:38:07 IST" skipped="1">
  <testcase classname="testng.TestNGSkip" name="SkipTest" time="0.022">
    <skipped/>
  </testcase> <!-- SkipTest -->
</testsuite> <!-- testng.TestNGSkip -->
