<?xml version="1.0" encoding="UTF-8"?>
<!-- Generated by org.testng.reporters.JUnitReportReporter -->
<testsuite hostname="DESKTOP-T6DRP6P" failures="0" tests="1" name="testng.ReadExcelData" time="1.564" errors="0" timestamp="2025-03-05T10:11:27 IST" skipped="0">
  <testcase classname="testng.ReadExcelData" name="readExcel" time="1.564"/>
</testsuite> <!-- testng.ReadExcelData -->
