<?xml version="1.0" encoding="UTF-8"?>
<!-- Generated by org.testng.reporters.JUnitReportReporter -->
<testsuite hostname="DESKTOP-T6DRP6P" failures="0" tests="2" name="testng.MyTest" time="0.022" errors="0" timestamp="2025-03-05T09:40:09 IST" skipped="0">
  <testcase classname="testng.MyTest" name="test2" time="0.002"/>
  <testcase classname="testng.MyTest" name="test1" time="0.020"/>
</testsuite> <!-- testng.MyTest -->
