<?xml version="1.0" encoding="UTF-8"?>
<!-- Generated by org.testng.reporters.JUnitReportReporter -->
<testsuite hostname="DESKTOP-T6DRP6P" failures="0" tests="2" name="MyRunner.TesterRunner2" time="0.278" errors="0" timestamp="2025-03-07T11:39:39 IST" skipped="0">
  <testcase classname="MyRunner.TesterRunner2" name="runScenario" time="0.227"/>
  <testcase classname="MyRunner.TesterRunner2" name="runScenario" time="0.051"/>
</testsuite> <!-- MyRunner.TesterRunner2 -->
