<?xml version="1.0" encoding="UTF-8"?>
<!-- Generated by org.testng.reporters.JUnitReportReporter -->
<testsuite hostname="DESKTOP-T6DRP6P" failures="0" tests="2" name="testng.HRMSDemo" time="29.275" errors="0" timestamp="2025-03-11T16:08:41 IST" skipped="0">
  <testcase classname="testng.HRMSDemo" name="data" time="0.016"/>
  <testcase classname="testng.HRMSDemo" name="login" time="29.259"/>
</testsuite> <!-- testng.HRMSDemo -->
