<?xml version="1.0" encoding="UTF-8"?>
<!-- Generated by org.testng.reporters.JUnitReportReporter -->
<testsuite hostname="DESKTOP-T6DRP6P" failures="0" tests="2" name="testng.GoogleDemo" time="10.262" errors="0" timestamp="2025-03-13T18:19:41 IST" skipped="0">
  <testcase classname="testng.GoogleDemo" name="test2" time="0.016"/>
  <testcase classname="testng.GoogleDemo" name="search" time="10.246"/>
</testsuite> <!-- testng.GoogleDemo -->
