<?xml version="1.0" encoding="UTF-8"?>
<!-- Generated by org.testng.reporters.JUnitReportReporter -->
<testsuite hostname="DESKTOP-T6DRP6P" failures="0" tests="1" name="RediffTCs.RediffLoginExcel" time="4.569" errors="0" timestamp="2025-03-05T14:29:44 IST" skipped="0">
  <testcase classname="RediffTCs.RediffLoginExcel" name="ReadDataExcel" time="4.569"/>
</testsuite> <!-- RediffTCs.RediffLoginExcel -->
