<?xml version="1.0" encoding="UTF-8"?>
<!-- Generated by org.testng.reporters.JUnitReportReporter -->
<testsuite hostname="DESKTOP-T6DRP6P" failures="0" tests="2" name="RediffTCs.RediffLoginTC1" time="15.615" errors="0" timestamp="2025-03-06T09:34:02 IST" skipped="1">
  <testcase classname="RediffTCs.RediffLoginTC1" name="rediffPF" time="15.615"/>
  <testcase classname="RediffTCs.RediffLoginTC1" name="rediffTC1">
    <skipped/>
  </testcase> <!-- rediffTC1 -->
</testsuite> <!-- RediffTCs.RediffLoginTC1 -->
