<?xml version="1.0" encoding="UTF-8"?>
<!-- Generated by org.testng.reporters.JUnitReportReporter -->
<testsuite hostname="DESKTOP-T6DRP6P" failures="0" tests="1" name="testng.TestNGDemo2" time="0.063" errors="0" timestamp="2025-03-04T09:30:20 IST" skipped="0">
  <testcase classname="testng.TestNGDemo2" name="SampleTC" time="0.063"/>
</testsuite> <!-- testng.TestNGDemo2 -->
