<?xml version="1.0" encoding="UTF-8"?>
<!-- Generated by org.testng.reporters.JUnitReportReporter -->
<testsuite hostname="DESKTOP-T6DRP6P" failures="0" tests="3" name="GRID.SeleniumGridTest" time="18.761" errors="0" timestamp="2025-03-06T10:11:42 IST" skipped="2">
  <testcase classname="GRID.SeleniumGridTest" name="GRIDTest2" time="18.761"/>
  <testcase classname="GRID.SeleniumGridTest" name="GRIDTest3">
    <skipped/>
  </testcase> <!-- GRIDTest3 -->
  <testcase classname="GRID.SeleniumGridTest" name="GRIDTest">
    <skipped/>
  </testcase> <!-- GRIDTest -->
</testsuite> <!-- GRID.SeleniumGridTest -->
