<?xml version="1.0" encoding="UTF-8"?>
<!-- Generated by org.testng.reporters.JUnitReportReporter -->
<testsuite hostname="DESKTOP-T6DRP6P" failures="0" tests="2" name="testng.HRMSDemo" time="22.635" errors="0" timestamp="2025-03-15T10:58:50 IST" skipped="0">
  <testcase classname="testng.HRMSDemo" name="data" time="0.010"/>
  <testcase classname="testng.HRMSDemo" name="login" time="22.625"/>
</testsuite> <!-- testng.HRMSDemo -->
