<?xml version="1.0" encoding="UTF-8"?>
<!-- Generated by org.testng.reporters.JUnitReportReporter -->
<testsuite hostname="DESKTOP-T6DRP6P" failures="0" tests="2" name="testng.TestNGDemo1" time="0.023" errors="0" timestamp="2025-03-04T10:02:27 IST" skipped="1">
  <testcase classname="testng.TestNGDemo1" name="TC2" time="0.023"/>
  <testcase classname="testng.TestNGDemo1" name="TC1">
    <skipped/>
  </testcase> <!-- TC1 -->
</testsuite> <!-- testng.TestNGDemo1 -->
