<?xml version="1.0" encoding="UTF-8"?>
<!-- Generated by org.testng.reporters.JUnitReportReporter -->
<testsuite hostname="DESKTOP-T6DRP6P" failures="0" tests="1" name="testng.RelativeLocatorDemo" time="24.392" errors="0" timestamp="2025-03-04T18:05:43 IST" skipped="0">
  <testcase classname="testng.RelativeLocatorDemo" name="realtiveLocatorDemo" time="24.392"/>
</testsuite> <!-- testng.RelativeLocatorDemo -->
